[0m15:25:35.211218 [debug] [MainThread]: Sending event: {'category': 'dbt', 'action': 'invocation', 'label': 'start', 'context': [<snowplow_tracker.self_describing_json.SelfDescribingJson object at 0x10345f7c0>, <snowplow_tracker.self_describing_json.SelfDescribingJson object at 0x1042f3b80>, <snowplow_tracker.self_describing_json.SelfDescribingJson object at 0x1042f3d60>]}


============================== 15:25:35.214379 | 2347f7a7-ba0e-4384-939f-9d40faf5631f ==============================
[0m15:25:35.214379 [info ] [MainThread]: Running with dbt=1.9.1
[0m15:25:35.214759 [debug] [MainThread]: running dbt with arguments {'printer_width': '80', 'indirect_selection': 'eager', 'log_cache_events': 'False', 'write_json': 'True', 'partial_parse': 'True', 'cache_selected_only': 'False', 'warn_error': 'None', 'debug': 'False', 'profiles_dir': '/Users/joaopedrodacostaloureiro/.dbt', 'log_path': 'logs', 'version_check': 'True', 'fail_fast': 'False', 'use_colors': 'True', 'use_experimental_parser': 'False', 'empty': 'None', 'quiet': 'False', 'no_print': 'None', 'warn_error_options': 'WarnErrorOptions(include=[], exclude=[])', 'static_parser': 'True', 'introspect': 'True', 'log_format': 'default', 'target_path': 'None', 'invocation_command': 'dbt init', 'send_anonymous_usage_stats': 'True'}
[0m15:25:45.139785 [debug] [MainThread]: Starter project path: /Users/joaopedrodacostaloureiro/Library/Python/3.9/lib/python/site-packages/dbt/include/starter_project
[0m15:25:45.160025 [info ] [MainThread]: 
Your new dbt project "datalake" was created!

For more information on how to configure the profiles.yml file,
please consult the dbt documentation here:

  https://docs.getdbt.com/docs/configure-your-profile

One more thing:

Need help? Don't hesitate to reach out to us via GitHub issues or on Slack:

  https://community.getdbt.com/

Happy modeling!

[0m15:25:45.160769 [info ] [MainThread]: Setting up your profile.
[0m15:26:05.084850 [info ] [MainThread]: Profile datalake written to /Users/joaopedrodacostaloureiro/.dbt/profiles.yml using target's sample configuration. Once updated, you'll be able to start developing with dbt.
[0m15:26:05.086545 [debug] [MainThread]: Resource report: {"command_name": "init", "command_success": true, "command_wall_clock_time": 29.924341, "process_in_blocks": "0", "process_kernel_time": 0.14288, "process_mem_max_rss": "88850432", "process_out_blocks": "0", "process_user_time": 0.725222}
[0m15:26:05.087052 [debug] [MainThread]: Command `dbt init` succeeded at 15:26:05.086961 after 29.92 seconds
[0m15:26:05.087382 [debug] [MainThread]: Sending event: {'category': 'dbt', 'action': 'invocation', 'label': 'end', 'context': [<snowplow_tracker.self_describing_json.SelfDescribingJson object at 0x10345f7c0>, <snowplow_tracker.self_describing_json.SelfDescribingJson object at 0x10436dcd0>, <snowplow_tracker.self_describing_json.SelfDescribingJson object at 0x1043594f0>]}
[0m15:26:05.087713 [debug] [MainThread]: Flushing usage events
[0m15:26:05.671684 [debug] [MainThread]: An error was encountered while trying to flush usage events
